<?xml version="1.0" encoding="UTF-8"?>
<testng-results ignored="0" total="1" passed="1" failed="0" skipped="0">
  <reporter-output>
  </reporter-output>
  <suite started-at="2024-11-27T22:38:17 IST" name="Default suite" finished-at="2024-11-27T22:38:36 IST" duration-ms="18796">
    <groups>
    </groups>
    <test started-at="2024-11-27T22:38:17 IST" name="Default test" finished-at="2024-11-27T22:38:36 IST" duration-ms="18796">
      <class name="FitpeoAssesment_Test.Assignmene_Test">
        <test-method signature="taskAssignment()[pri:0, instance:FitpeoAssesment_Test.Assignmene_Test@5a45133e]" started-at="2024-11-27T22:38:17 IST" name="taskAssignment" finished-at="2024-11-27T22:38:36 IST" duration-ms="18734" status="PASS">
          <reporter-output>
          </reporter-output>
        </test-method> <!-- taskAssignment -->
      </class> <!-- FitpeoAssesment_Test.Assignmene_Test -->
    </test> <!-- Default test -->
  </suite> <!-- Default suite -->
</testng-results>
